Build started 11/17/2013 9:37:39 PM.
     1>Project "C:\Program Files\Autodesk\Maya2014\devkit\plug-ins\randomizerDevice\randomizerDevice.vcxproj" on node 2 (build target(s)).
     1>C:\Program Files (x86)\MSBuild\Microsoft.Cpp\v4.0\Microsoft.CppBuild.targets(299,5): warning MSB8004: Output Directory does not end with a trailing slash.  This build instance will add the slash as it is required to allow proper evaluation of the Output Directory.
     1>InitializeBuildStatus:
         Creating "x64\Release\randomizerDevice.unsuccessfulbuild" because "AlwaysCreate" was specified.
       ClCompile:
         All outputs are up-to-date.
       Link:
         All outputs are up-to-date.
         C:\Program Files (x86)\Microsoft Visual Studio 10.0\VC\bin\x86_amd64\link.exe /ERRORREPORT:PROMPT /OUT:"C:\Program Files\Autodesk\Maya2014\bin\plug-ins\randomizerDevice.mll" /INCREMENTAL:NO /NOLOGO /LIBPATH:..\..\..\lib /LIBPATH:..\..\..\..\lib sixense_s_x64.lib sixense_utils_s_x64.lib OpenMaya.lib OpenMayaAnim.lib OpenMayaUI.lib Foundation.lib kernel32.lib user32.lib gdi32.lib winspool.lib comdlg32.lib advapi32.lib shell32.lib ole32.lib oleaut32.lib uuid.lib odbc32.lib odbccp32.lib /MANIFEST /ManifestFile:"x64\Release\randomizerDevice.mll.intermediate.manifest" /MANIFESTUAC:"level='asInvoker' uiAccess='false'" /PDB:"C:\Program Files\Autodesk\Maya2014\bin\plug-ins\randomizerDevice.pdb" /SUBSYSTEM:WINDOWS /OPT:REF /OPT:ICF /TLBID:1 /DYNAMICBASE:NO /NXCOMPAT /IMPLIB:"C:\Program Files\Autodesk\Maya2014\bin\plug-ins\randomizerDevice.lib" /MACHINE:X64 /DLL x64\Release\randomizerDevice.obj /export:initializePlugin /export:uninitializePlugin 
            Creating library C:\Program Files\Autodesk\Maya2014\bin\plug-ins\randomizerDevice.lib and object C:\Program Files\Autodesk\Maya2014\bin\plug-ins\randomizerDevice.exp
     1>MSVCRT.lib(cinitexe.obj) : warning LNK4098: defaultlib 'libcmt.lib' conflicts with use of other libs; use /NODEFAULTLIB:library
         randomizerDevice.vcxproj -> C:\Program Files\Autodesk\Maya2014\bin\plug-ins\randomizerDevice.mll
       Manifest:
         C:\Program Files\Microsoft SDKs\Windows\v7.1\bin\mt.exe /nologo /verbose /outputresource:"C:\Program Files\Autodesk\Maya2014\bin\plug-ins\randomizerDevice.mll;#2" /manifest x64\Release\randomizerDevice.mll.intermediate.manifest
       FinalizeBuildStatus:
         Deleting file "x64\Release\randomizerDevice.unsuccessfulbuild".
         Touching "x64\Release\randomizerDevice.lastbuildstate".
     1>Done Building Project "C:\Program Files\Autodesk\Maya2014\devkit\plug-ins\randomizerDevice\randomizerDevice.vcxproj" (build target(s)).

Build succeeded.

Time Elapsed 00:00:00.27
